Using pre-set license
Built from '2020.3/staging' branch; Version is '2020.3.30f1 (1fb1bf06830e) revision 2077119'; Using compiler version '192528614'; Build Type 'Release'
OS: 'Windows 10  (10.0.19044) 64bit CoreSingleLanguage' Language: 'es' Physical Memory: 16085 MB
BatchMode: 1, IsHumanControllingUs: 0, StartBugReporterOnCrash: 0, Is64bit: 1, IsPro: 0

COMMAND LINE ARGUMENTS:
C:\Program Files\Unity\Hub\Editor\2020.3.30f1\Editor\Unity.exe
-adb2
-batchMode
-noUpm
-name
AssetImportWorker0
-projectPath
C:/Repos/Breakout/Breakout
-logFile
Logs/AssetImportWorker0.log
-srvPort
65323
Successfully changed project path to: C:/Repos/Breakout/Breakout
C:/Repos/Breakout/Breakout
Using Asset Import Pipeline V2.
Refreshing native plugins compatible for Editor in 45.59 ms, found 2 plugins.
Preloading 0 native plugins for Editor in 0.00 ms.
Initialize engine version: 2020.3.30f1 (1fb1bf06830e)
[Subsystems] Discovering subsystems at path C:/Program Files/Unity/Hub/Editor/2020.3.30f1/Editor/Data/Resources/UnitySubsystems
[Subsystems] Discovering subsystems at path C:/Repos/Breakout/Breakout/Assets
GfxDevice: creating device client; threaded=0
Direct3D:
    Version:  Direct3D 11.0 [level 11.1]
    Renderer: NVIDIA GeForce RTX 3050 Ti Laptop GPU (ID=0x25a0)
    Vendor:   
    VRAM:     3990 MB
    Driver:   30.0.15.1215
Initialize mono
Mono path[0] = 'C:/Program Files/Unity/Hub/Editor/2020.3.30f1/Editor/Data/Managed'
Mono path[1] = 'C:/Program Files/Unity/Hub/Editor/2020.3.30f1/Editor/Data/MonoBleedingEdge/lib/mono/unityjit'
Mono config path = 'C:/Program Files/Unity/Hub/Editor/2020.3.30f1/Editor/Data/MonoBleedingEdge/etc'
Using monoOptions --debugger-agent=transport=dt_socket,embedding=1,server=y,suspend=n,address=127.0.0.1:56888
Begin MonoManager ReloadAssembly
Registering precompiled unity dll's ...
Register platform support module: C:/Program Files/Unity/Hub/Editor/2020.3.30f1/Editor/Data/PlaybackEngines/WindowsStandaloneSupport/UnityEditor.WindowsStandalone.Extensions.dll
Registered in 0.003000 seconds.
Native extension for WindowsStandalone target not found
Refreshing native plugins compatible for Editor in 41.11 ms, found 2 plugins.
Preloading 0 native plugins for Editor in 0.00 ms.
Mono: successfully reloaded assembly
- Completed reload, in  0.872 seconds
Domain Reload Profiling:
	ReloadAssembly (872ms)
		BeginReloadAssembly (88ms)
			ExecutionOrderSort (0ms)
			DisableScriptedObjects (0ms)
			BackupInstance (0ms)
			ReleaseScriptingObjects (0ms)
			CreateAndSetChildDomain (1ms)
		EndReloadAssembly (681ms)
			LoadAssemblies (85ms)
			RebuildTransferFunctionScriptingTraits (0ms)
			SetupTypeCache (237ms)
			ReleaseScriptCaches (0ms)
			RebuildScriptCaches (60ms)
			SetupLoadedEditorAssemblies (224ms)
				LogAssemblyErrors (0ms)
				InitializePlatformSupportModulesInManaged (7ms)
				SetLoadedEditorAssemblies (0ms)
				RefreshPlugins (41ms)
				BeforeProcessingInitializeOnLoad (29ms)
				ProcessInitializeOnLoadAttributes (109ms)
				ProcessInitializeOnLoadMethodAttributes (37ms)
				AfterProcessingInitializeOnLoad (0ms)
				EditorAssembliesLoaded (0ms)
			ExecutionOrderSort2 (0ms)
			AwakeInstancesAfterBackupRestoration (0ms)
Platform modules already initialized, skipping
Registering precompiled user dll's ...
Registered in 0.003982 seconds.
Begin MonoManager ReloadAssembly
Native extension for WindowsStandalone target not found
Refreshing native plugins compatible for Editor in 1.15 ms, found 2 plugins.
Preloading 0 native plugins for Editor in 0.00 ms.
Mono: successfully reloaded assembly
- Completed reload, in  1.407 seconds
Domain Reload Profiling:
	ReloadAssembly (1409ms)
		BeginReloadAssembly (221ms)
			ExecutionOrderSort (0ms)
			DisableScriptedObjects (5ms)
			BackupInstance (0ms)
			ReleaseScriptingObjects (0ms)
			CreateAndSetChildDomain (48ms)
		EndReloadAssembly (1106ms)
			LoadAssemblies (117ms)
			RebuildTransferFunctionScriptingTraits (0ms)
			SetupTypeCache (342ms)
			ReleaseScriptCaches (0ms)
			RebuildScriptCaches (74ms)
			SetupLoadedEditorAssemblies (449ms)
				LogAssemblyErrors (0ms)
				InitializePlatformSupportModulesInManaged (18ms)
				SetLoadedEditorAssemblies (2ms)
				RefreshPlugins (1ms)
				BeforeProcessingInitializeOnLoad (126ms)
				ProcessInitializeOnLoadAttributes (285ms)
				ProcessInitializeOnLoadMethodAttributes (10ms)
				AfterProcessingInitializeOnLoad (7ms)
				EditorAssembliesLoaded (0ms)
			ExecutionOrderSort2 (0ms)
			AwakeInstancesAfterBackupRestoration (17ms)
Platform modules already initialized, skipping
========================================================================
Worker process is ready to serve import requests
Launched and connected shader compiler UnityShaderCompiler.exe after 0.07 seconds
Refreshing native plugins compatible for Editor in 0.46 ms, found 2 plugins.
Preloading 0 native plugins for Editor in 0.00 ms.
Unloading 1505 Unused Serialized files (Serialized files now loaded: 0)
System memory in use before: 67.7 MB.
System memory in use after: 67.8 MB.

Unloading 16 unused Assets to reduce memory usage. Loaded Objects now: 1940.
Total: 4.274000 ms (FindLiveObjects: 0.156500 ms CreateObjectMapping: 0.029500 ms MarkObjects: 3.902800 ms  DeleteObjects: 0.180700 ms)

AssetImportParameters requested are different than current active one (requested -> active):
  custom:framework-win-MediaFoundation: 216162199b28c13a410421893ffa2e32 -> 
  custom:video-decoder-ogg-theora: a1e56fd34408186e4bbccfd4996cb3dc -> 
  custom:container-muxer-webm: aa71ff27fc2769a1b78a27578f13a17b -> 
  custom:container-demuxer-webm: 4f35f7cbe854078d1ac9338744f61a02 -> 
  custom:container-demuxer-ogg: 62fdf1f143b41e24485cea50d1cbac27 -> 
  custom:video-encoder-webm-vp8: eb34c28f22e8b96e1ab97ce403110664 -> 
  custom:video-decoder-webm-vp8: 9c59270c3fd7afecdb556c50c9e8de78 -> 
  custom:audio-decoder-ogg-vorbis: bf7c407c2cedff20999df2af8eb42d56 -> 
  custom:audio-encoder-webm-vorbis: bf7c407c2cedff20999df2af8eb42d56 -> 
========================================================================
Received Import Request.
  path: Assets/Scenes/Nivel 1.unity
  artifactKey: Guid(9fc0d4010bbf28b4594072e72b8655ab) Importer(815301076,1909f56bfc062723c751e8b465ee728b)
Start importing Assets/Scenes/Nivel 1.unity using Guid(9fc0d4010bbf28b4594072e72b8655ab) Importer(815301076,1909f56bfc062723c751e8b465ee728b)  -> (artifact id: 'de1dc63a543f2f3f394eeb5c8c31d22e') in 0.024076 seconds 
========================================================================
Received Import Request.
  Time since last request: 152.621498 seconds.
  path: Assets/_Scripts/Bloque.cs
  artifactKey: Guid(384cf174ba04c8749b575011964cac54) Importer(815301076,1909f56bfc062723c751e8b465ee728b)
Start importing Assets/_Scripts/Bloque.cs using Guid(384cf174ba04c8749b575011964cac54) Importer(815301076,1909f56bfc062723c751e8b465ee728b)  -> (artifact id: '3f6bae21a49071ea73de1a8605d5bf58') in 0.025577 seconds 
========================================================================
Received Prepare
Registering precompiled user dll's ...
Registered in 0.003614 seconds.
Begin MonoManager ReloadAssembly
Native extension for WindowsStandalone target not found
Refreshing native plugins compatible for Editor in 0.70 ms, found 2 plugins.
Preloading 0 native plugins for Editor in 0.00 ms.
Mono: successfully reloaded assembly
- Completed reload, in  1.460 seconds
Domain Reload Profiling:
	ReloadAssembly (1460ms)
		BeginReloadAssembly (204ms)
			ExecutionOrderSort (0ms)
			DisableScriptedObjects (7ms)
			BackupInstance (0ms)
			ReleaseScriptingObjects (0ms)
			CreateAndSetChildDomain (50ms)
		EndReloadAssembly (1164ms)
			LoadAssemblies (146ms)
			RebuildTransferFunctionScriptingTraits (0ms)
			SetupTypeCache (391ms)
			ReleaseScriptCaches (1ms)
			RebuildScriptCaches (75ms)
			SetupLoadedEditorAssemblies (426ms)
				LogAssemblyErrors (0ms)
				InitializePlatformSupportModulesInManaged (5ms)
				SetLoadedEditorAssemblies (1ms)
				RefreshPlugins (1ms)
				BeforeProcessingInitializeOnLoad (86ms)
				ProcessInitializeOnLoadAttributes (291ms)
				ProcessInitializeOnLoadMethodAttributes (32ms)
				AfterProcessingInitializeOnLoad (10ms)
				EditorAssembliesLoaded (0ms)
			ExecutionOrderSort2 (0ms)
			AwakeInstancesAfterBackupRestoration (8ms)
Platform modules already initialized, skipping
Refreshing native plugins compatible for Editor in 1.17 ms, found 2 plugins.
Preloading 0 native plugins for Editor in 0.00 ms.
Unloading 1499 Unused Serialized files (Serialized files now loaded: 0)
System memory in use before: 67.6 MB.
System memory in use after: 67.7 MB.

Unloading 11 unused Assets to reduce memory usage. Loaded Objects now: 1942.
Total: 2.766800 ms (FindLiveObjects: 0.208200 ms CreateObjectMapping: 0.055300 ms MarkObjects: 2.478400 ms  DeleteObjects: 0.018100 ms)

AssetImportParameters requested are different than current active one (requested -> active):
  custom:framework-win-MediaFoundation: 216162199b28c13a410421893ffa2e32 -> 
  custom:video-decoder-ogg-theora: a1e56fd34408186e4bbccfd4996cb3dc -> 
  custom:container-muxer-webm: aa71ff27fc2769a1b78a27578f13a17b -> 
  custom:container-demuxer-webm: 4f35f7cbe854078d1ac9338744f61a02 -> 
  custom:container-demuxer-ogg: 62fdf1f143b41e24485cea50d1cbac27 -> 
  custom:video-encoder-webm-vp8: eb34c28f22e8b96e1ab97ce403110664 -> 
  custom:video-decoder-webm-vp8: 9c59270c3fd7afecdb556c50c9e8de78 -> 
  custom:audio-decoder-ogg-vorbis: bf7c407c2cedff20999df2af8eb42d56 -> 
  custom:audio-encoder-webm-vorbis: bf7c407c2cedff20999df2af8eb42d56 -> 
========================================================================
Received Import Request.
  Time since last request: 340.322001 seconds.
  path: Assets/_Prefabs/Bloque 1.prefab
  artifactKey: Guid(c2588b25ea305cf42a9cf9e3e59a242d) Importer(815301076,1909f56bfc062723c751e8b465ee728b)
Start importing Assets/_Prefabs/Bloque 1.prefab using Guid(c2588b25ea305cf42a9cf9e3e59a242d) Importer(815301076,1909f56bfc062723c751e8b465ee728b)  -> (artifact id: '2876cadb4ec2548e57407f13fea9720b') in 0.178202 seconds 
========================================================================
Received Import Request.
  Time since last request: 11.871978 seconds.
  path: Assets/_Prefabs/Bloque_Madera.prefab
  artifactKey: Guid(c2588b25ea305cf42a9cf9e3e59a242d) Importer(815301076,1909f56bfc062723c751e8b465ee728b)
Start importing Assets/_Prefabs/Bloque_Madera.prefab using Guid(c2588b25ea305cf42a9cf9e3e59a242d) Importer(815301076,1909f56bfc062723c751e8b465ee728b)  -> (artifact id: '248e6b86e9e98359758a2d42073716e1') in 0.022387 seconds 
========================================================================
Received Import Request.
  Time since last request: 6.360705 seconds.
  path: Assets/_Prefabs/Bloque_Madera.prefab
  artifactKey: Guid(c2588b25ea305cf42a9cf9e3e59a242d) Importer(815301076,1909f56bfc062723c751e8b465ee728b)
Start importing Assets/_Prefabs/Bloque_Madera.prefab using Guid(c2588b25ea305cf42a9cf9e3e59a242d) Importer(815301076,1909f56bfc062723c751e8b465ee728b)  -> (artifact id: 'cfaceb2f2d250283ad8427b2bfa36535') in 0.021580 seconds 
========================================================================
Received Import Request.
  Time since last request: 20.071164 seconds.
  path: Assets/_Prefabs/Bloque_Madera 1.prefab
  artifactKey: Guid(bdcc0d7d44fd51345a6974c244977ac5) Importer(815301076,1909f56bfc062723c751e8b465ee728b)
Start importing Assets/_Prefabs/Bloque_Madera 1.prefab using Guid(bdcc0d7d44fd51345a6974c244977ac5) Importer(815301076,1909f56bfc062723c751e8b465ee728b)  -> (artifact id: '5254185b88f8301ce92129f755b4f72d') in 0.032853 seconds 
========================================================================
Received Import Request.
  Time since last request: 6.808716 seconds.
  path: Assets/_Prefabs/Bloque_Piedra.prefab
  artifactKey: Guid(bdcc0d7d44fd51345a6974c244977ac5) Importer(815301076,1909f56bfc062723c751e8b465ee728b)
Start importing Assets/_Prefabs/Bloque_Piedra.prefab using Guid(bdcc0d7d44fd51345a6974c244977ac5) Importer(815301076,1909f56bfc062723c751e8b465ee728b)  -> (artifact id: '041c47cdb2159fe150347d3684f1d21c') in 0.031238 seconds 
========================================================================
Received Import Request.
  Time since last request: 72.398128 seconds.
  path: Assets/_Scripts/Bloque_Madera.cs
  artifactKey: Guid(530a8c977d9d60b4ba248927ff8aaa9f) Importer(815301076,1909f56bfc062723c751e8b465ee728b)
Start importing Assets/_Scripts/Bloque_Madera.cs using Guid(530a8c977d9d60b4ba248927ff8aaa9f) Importer(815301076,1909f56bfc062723c751e8b465ee728b)  -> (artifact id: '808090048b228dd2bc504854527cc793') in 0.004648 seconds 
========================================================================
Received Prepare
Registering precompiled user dll's ...
Registered in 0.003553 seconds.
Begin MonoManager ReloadAssembly
Native extension for WindowsStandalone target not found
Refreshing native plugins compatible for Editor in 0.48 ms, found 2 plugins.
Preloading 0 native plugins for Editor in 0.00 ms.
Mono: successfully reloaded assembly
- Completed reload, in  1.478 seconds
Domain Reload Profiling:
	ReloadAssembly (1479ms)
		BeginReloadAssembly (204ms)
			ExecutionOrderSort (0ms)
			DisableScriptedObjects (6ms)
			BackupInstance (0ms)
			ReleaseScriptingObjects (0ms)
			CreateAndSetChildDomain (62ms)
		EndReloadAssembly (1155ms)
			LoadAssemblies (157ms)
			RebuildTransferFunctionScriptingTraits (0ms)
			SetupTypeCache (382ms)
			ReleaseScriptCaches (1ms)
			RebuildScriptCaches (55ms)
			SetupLoadedEditorAssemblies (481ms)
				LogAssemblyErrors (0ms)
				InitializePlatformSupportModulesInManaged (6ms)
				SetLoadedEditorAssemblies (1ms)
				RefreshPlugins (1ms)
				BeforeProcessingInitializeOnLoad (101ms)
				ProcessInitializeOnLoadAttributes (344ms)
				ProcessInitializeOnLoadMethodAttributes (15ms)
				AfterProcessingInitializeOnLoad (14ms)
				EditorAssembliesLoaded (0ms)
			ExecutionOrderSort2 (0ms)
			AwakeInstancesAfterBackupRestoration (9ms)
Platform modules already initialized, skipping
Refreshing native plugins compatible for Editor in 0.43 ms, found 2 plugins.
Preloading 0 native plugins for Editor in 0.00 ms.
Unloading 1500 Unused Serialized files (Serialized files now loaded: 0)
System memory in use before: 70.8 MB.
System memory in use after: 70.9 MB.

Unloading 12 unused Assets to reduce memory usage. Loaded Objects now: 1953.
Total: 4.018700 ms (FindLiveObjects: 0.228200 ms CreateObjectMapping: 0.096000 ms MarkObjects: 3.666400 ms  DeleteObjects: 0.027000 ms)

AssetImportParameters requested are different than current active one (requested -> active):
  custom:framework-win-MediaFoundation: 216162199b28c13a410421893ffa2e32 -> 
  custom:video-decoder-ogg-theora: a1e56fd34408186e4bbccfd4996cb3dc -> 
  custom:container-muxer-webm: aa71ff27fc2769a1b78a27578f13a17b -> 
  custom:container-demuxer-webm: 4f35f7cbe854078d1ac9338744f61a02 -> 
  custom:container-demuxer-ogg: 62fdf1f143b41e24485cea50d1cbac27 -> 
  custom:video-encoder-webm-vp8: eb34c28f22e8b96e1ab97ce403110664 -> 
  custom:video-decoder-webm-vp8: 9c59270c3fd7afecdb556c50c9e8de78 -> 
  custom:audio-decoder-ogg-vorbis: bf7c407c2cedff20999df2af8eb42d56 -> 
  custom:audio-encoder-webm-vorbis: bf7c407c2cedff20999df2af8eb42d56 -> 
========================================================================
Received Import Request.
  Time since last request: 12.946036 seconds.
  path: Assets/_Scripts/Bloque_Piedra.cs
  artifactKey: Guid(2cb3243c82ec0b246999e2e1c25570f4) Importer(815301076,1909f56bfc062723c751e8b465ee728b)
Start importing Assets/_Scripts/Bloque_Piedra.cs using Guid(2cb3243c82ec0b246999e2e1c25570f4) Importer(815301076,1909f56bfc062723c751e8b465ee728b)  -> (artifact id: '85656296ff06b0827f8bb1f6ab1109c0') in 0.013939 seconds 
========================================================================
Received Prepare
Registering precompiled user dll's ...
Registered in 0.002446 seconds.
Begin MonoManager ReloadAssembly
Native extension for WindowsStandalone target not found
Refreshing native plugins compatible for Editor in 0.53 ms, found 2 plugins.
Preloading 0 native plugins for Editor in 0.00 ms.
Mono: successfully reloaded assembly
- Completed reload, in  1.584 seconds
Domain Reload Profiling:
	ReloadAssembly (1585ms)
		BeginReloadAssembly (178ms)
			ExecutionOrderSort (0ms)
			DisableScriptedObjects (9ms)
			BackupInstance (0ms)
			ReleaseScriptingObjects (0ms)
			CreateAndSetChildDomain (47ms)
		EndReloadAssembly (1292ms)
			LoadAssemblies (159ms)
			RebuildTransferFunctionScriptingTraits (0ms)
			SetupTypeCache (414ms)
			ReleaseScriptCaches (1ms)
			RebuildScriptCaches (83ms)
			SetupLoadedEditorAssemblies (476ms)
				LogAssemblyErrors (0ms)
				InitializePlatformSupportModulesInManaged (6ms)
				SetLoadedEditorAssemblies (1ms)
				RefreshPlugins (1ms)
				BeforeProcessingInitializeOnLoad (136ms)
				ProcessInitializeOnLoadAttributes (311ms)
				ProcessInitializeOnLoadMethodAttributes (13ms)
				AfterProcessingInitializeOnLoad (9ms)
				EditorAssembliesLoaded (0ms)
			ExecutionOrderSort2 (0ms)
			AwakeInstancesAfterBackupRestoration (11ms)
Platform modules already initialized, skipping
Refreshing native plugins compatible for Editor in 0.78 ms, found 2 plugins.
Preloading 0 native plugins for Editor in 0.00 ms.
Unloading 1501 Unused Serialized files (Serialized files now loaded: 0)
System memory in use before: 70.8 MB.
System memory in use after: 70.9 MB.

Unloading 11 unused Assets to reduce memory usage. Loaded Objects now: 1956.
Total: 2.665900 ms (FindLiveObjects: 0.241700 ms CreateObjectMapping: 0.030800 ms MarkObjects: 2.367100 ms  DeleteObjects: 0.024000 ms)

AssetImportParameters requested are different than current active one (requested -> active):
  custom:framework-win-MediaFoundation: 216162199b28c13a410421893ffa2e32 -> 
  custom:video-decoder-ogg-theora: a1e56fd34408186e4bbccfd4996cb3dc -> 
  custom:container-muxer-webm: aa71ff27fc2769a1b78a27578f13a17b -> 
  custom:container-demuxer-webm: 4f35f7cbe854078d1ac9338744f61a02 -> 
  custom:container-demuxer-ogg: 62fdf1f143b41e24485cea50d1cbac27 -> 
  custom:video-encoder-webm-vp8: eb34c28f22e8b96e1ab97ce403110664 -> 
  custom:video-decoder-webm-vp8: 9c59270c3fd7afecdb556c50c9e8de78 -> 
  custom:audio-decoder-ogg-vorbis: bf7c407c2cedff20999df2af8eb42d56 -> 
  custom:audio-encoder-webm-vorbis: bf7c407c2cedff20999df2af8eb42d56 -> 
========================================================================
Received Import Request.
  Time since last request: 46.111356 seconds.
  path: Assets/_Scripts/Bloque_Piedra.cs
  artifactKey: Guid(2cb3243c82ec0b246999e2e1c25570f4) Importer(815301076,1909f56bfc062723c751e8b465ee728b)
Start importing Assets/_Scripts/Bloque_Piedra.cs using Guid(2cb3243c82ec0b246999e2e1c25570f4) Importer(815301076,1909f56bfc062723c751e8b465ee728b)  -> (artifact id: '5e5090edbe75e365502d28d4feccb45b') in 0.012002 seconds 
========================================================================
Received Import Request.
  Time since last request: 45.652820 seconds.
  path: Assets/_Scripts/Bloque_Piedra.cs
  artifactKey: Guid(2cb3243c82ec0b246999e2e1c25570f4) Importer(815301076,1909f56bfc062723c751e8b465ee728b)
Start importing Assets/_Scripts/Bloque_Piedra.cs using Guid(2cb3243c82ec0b246999e2e1c25570f4) Importer(815301076,1909f56bfc062723c751e8b465ee728b)  -> (artifact id: '5b432ed71f184dfe477276cda8d5a878') in 0.006245 seconds 
========================================================================
Received Prepare
Registering precompiled user dll's ...
Registered in 0.006326 seconds.
Begin MonoManager ReloadAssembly
Native extension for WindowsStandalone target not found
Refreshing native plugins compatible for Editor in 0.80 ms, found 2 plugins.
Preloading 0 native plugins for Editor in 0.00 ms.
Mono: successfully reloaded assembly
- Completed reload, in  1.635 seconds
Domain Reload Profiling:
	ReloadAssembly (1636ms)
		BeginReloadAssembly (190ms)
			ExecutionOrderSort (0ms)
			DisableScriptedObjects (11ms)
			BackupInstance (0ms)
			ReleaseScriptingObjects (0ms)
			CreateAndSetChildDomain (54ms)
		EndReloadAssembly (1308ms)
			LoadAssemblies (148ms)
			RebuildTransferFunctionScriptingTraits (0ms)
			SetupTypeCache (420ms)
			ReleaseScriptCaches (3ms)
			RebuildScriptCaches (79ms)
			SetupLoadedEditorAssemblies (518ms)
				LogAssemblyErrors (0ms)
				InitializePlatformSupportModulesInManaged (11ms)
				SetLoadedEditorAssemblies (1ms)
				RefreshPlugins (1ms)
				BeforeProcessingInitializeOnLoad (136ms)
				ProcessInitializeOnLoadAttributes (328ms)
				ProcessInitializeOnLoadMethodAttributes (17ms)
				AfterProcessingInitializeOnLoad (23ms)
				EditorAssembliesLoaded (1ms)
			ExecutionOrderSort2 (0ms)
			AwakeInstancesAfterBackupRestoration (15ms)
Platform modules already initialized, skipping
Refreshing native plugins compatible for Editor in 0.69 ms, found 2 plugins.
Preloading 0 native plugins for Editor in 0.00 ms.
Unloading 1501 Unused Serialized files (Serialized files now loaded: 0)
System memory in use before: 70.8 MB.
System memory in use after: 70.9 MB.

Unloading 11 unused Assets to reduce memory usage. Loaded Objects now: 1958.
Total: 11.939200 ms (FindLiveObjects: 0.296400 ms CreateObjectMapping: 0.116300 ms MarkObjects: 11.276400 ms  DeleteObjects: 0.247100 ms)

AssetImportParameters requested are different than current active one (requested -> active):
  custom:framework-win-MediaFoundation: 216162199b28c13a410421893ffa2e32 -> 
  custom:video-decoder-ogg-theora: a1e56fd34408186e4bbccfd4996cb3dc -> 
  custom:container-muxer-webm: aa71ff27fc2769a1b78a27578f13a17b -> 
  custom:container-demuxer-webm: 4f35f7cbe854078d1ac9338744f61a02 -> 
  custom:container-demuxer-ogg: 62fdf1f143b41e24485cea50d1cbac27 -> 
  custom:video-encoder-webm-vp8: eb34c28f22e8b96e1ab97ce403110664 -> 
  custom:video-decoder-webm-vp8: 9c59270c3fd7afecdb556c50c9e8de78 -> 
  custom:audio-decoder-ogg-vorbis: bf7c407c2cedff20999df2af8eb42d56 -> 
  custom:audio-encoder-webm-vorbis: bf7c407c2cedff20999df2af8eb42d56 -> 
========================================================================
Received Import Request.
  Time since last request: 21.381358 seconds.
  path: Assets/_Scripts/Bloque_Madera.cs
  artifactKey: Guid(530a8c977d9d60b4ba248927ff8aaa9f) Importer(815301076,1909f56bfc062723c751e8b465ee728b)
Start importing Assets/_Scripts/Bloque_Madera.cs using Guid(530a8c977d9d60b4ba248927ff8aaa9f) Importer(815301076,1909f56bfc062723c751e8b465ee728b)  -> (artifact id: 'b397a444bdd157cdb4ffd62c31dbbdf3') in 0.011794 seconds 
========================================================================
Received Import Request.
  Time since last request: 17.839047 seconds.
  path: Assets/_Prefabs/Bloque_Piedra.prefab
  artifactKey: Guid(bdcc0d7d44fd51345a6974c244977ac5) Importer(815301076,1909f56bfc062723c751e8b465ee728b)
Start importing Assets/_Prefabs/Bloque_Piedra.prefab using Guid(bdcc0d7d44fd51345a6974c244977ac5) Importer(815301076,1909f56bfc062723c751e8b465ee728b)  -> (artifact id: 'ed763b7401b1026e3eab441806e2869c') in 0.114913 seconds 
========================================================================
Received Prepare
Registering precompiled user dll's ...
Registered in 0.003000 seconds.
Begin MonoManager ReloadAssembly
Native extension for WindowsStandalone target not found
Refreshing native plugins compatible for Editor in 0.49 ms, found 2 plugins.
Preloading 0 native plugins for Editor in 0.00 ms.
Mono: successfully reloaded assembly
- Completed reload, in  1.380 seconds
Domain Reload Profiling:
	ReloadAssembly (1381ms)
		BeginReloadAssembly (178ms)
			ExecutionOrderSort (0ms)
			DisableScriptedObjects (6ms)
			BackupInstance (0ms)
			ReleaseScriptingObjects (0ms)
			CreateAndSetChildDomain (58ms)
		EndReloadAssembly (1127ms)
			LoadAssemblies (115ms)
			RebuildTransferFunctionScriptingTraits (0ms)
			SetupTypeCache (414ms)
			ReleaseScriptCaches (1ms)
			RebuildScriptCaches (68ms)
			SetupLoadedEditorAssemblies (398ms)
				LogAssemblyErrors (0ms)
				InitializePlatformSupportModulesInManaged (7ms)
				SetLoadedEditorAssemblies (1ms)
				RefreshPlugins (1ms)
				BeforeProcessingInitializeOnLoad (105ms)
				ProcessInitializeOnLoadAttributes (263ms)
				ProcessInitializeOnLoadMethodAttributes (13ms)
				AfterProcessingInitializeOnLoad (9ms)
				EditorAssembliesLoaded (0ms)
			ExecutionOrderSort2 (0ms)
			AwakeInstancesAfterBackupRestoration (10ms)
Platform modules already initialized, skipping
Refreshing native plugins compatible for Editor in 0.81 ms, found 2 plugins.
Preloading 0 native plugins for Editor in 0.00 ms.
Unloading 1501 Unused Serialized files (Serialized files now loaded: 0)
System memory in use before: 70.8 MB.
System memory in use after: 70.9 MB.

Unloading 11 unused Assets to reduce memory usage. Loaded Objects now: 1961.
Total: 5.453400 ms (FindLiveObjects: 0.170500 ms CreateObjectMapping: 0.061300 ms MarkObjects: 5.175200 ms  DeleteObjects: 0.044400 ms)

AssetImportParameters requested are different than current active one (requested -> active):
  custom:framework-win-MediaFoundation: 216162199b28c13a410421893ffa2e32 -> 
  custom:video-decoder-ogg-theora: a1e56fd34408186e4bbccfd4996cb3dc -> 
  custom:container-muxer-webm: aa71ff27fc2769a1b78a27578f13a17b -> 
  custom:container-demuxer-webm: 4f35f7cbe854078d1ac9338744f61a02 -> 
  custom:container-demuxer-ogg: 62fdf1f143b41e24485cea50d1cbac27 -> 
  custom:video-encoder-webm-vp8: eb34c28f22e8b96e1ab97ce403110664 -> 
  custom:video-decoder-webm-vp8: 9c59270c3fd7afecdb556c50c9e8de78 -> 
  custom:audio-decoder-ogg-vorbis: bf7c407c2cedff20999df2af8eb42d56 -> 
  custom:audio-encoder-webm-vorbis: bf7c407c2cedff20999df2af8eb42d56 -> 
========================================================================
Received Import Request.
  Time since last request: 648.506571 seconds.
  path: Assets/_Prefabs/Bloque_Piedra 1.prefab
  artifactKey: Guid(8a247d68b0c648d4f827bebae38f3b87) Importer(815301076,1909f56bfc062723c751e8b465ee728b)
Start importing Assets/_Prefabs/Bloque_Piedra 1.prefab using Guid(8a247d68b0c648d4f827bebae38f3b87) Importer(815301076,1909f56bfc062723c751e8b465ee728b)  -> (artifact id: 'd3b15263cb20bcfec1d90dd9e730ad43') in 0.116054 seconds 
========================================================================
Received Import Request.
  Time since last request: 58.682613 seconds.
  path: Assets/_Prefabs/Bloque_Goma.prefab
  artifactKey: Guid(8a247d68b0c648d4f827bebae38f3b87) Importer(815301076,1909f56bfc062723c751e8b465ee728b)
Start importing Assets/_Prefabs/Bloque_Goma.prefab using Guid(8a247d68b0c648d4f827bebae38f3b87) Importer(815301076,1909f56bfc062723c751e8b465ee728b)  -> (artifact id: 'a1a947c386ea715677bd550ba6accc66') in 0.037212 seconds 
========================================================================
Received Import Request.
  Time since last request: 9.050270 seconds.
  path: Assets/_Prefabs/Bloque_Goma.prefab
  artifactKey: Guid(8a247d68b0c648d4f827bebae38f3b87) Importer(815301076,1909f56bfc062723c751e8b465ee728b)
Start importing Assets/_Prefabs/Bloque_Goma.prefab using Guid(8a247d68b0c648d4f827bebae38f3b87) Importer(815301076,1909f56bfc062723c751e8b465ee728b)  -> (artifact id: '7259d7cf91eb6255b5cc4796504e841f') in 0.029600 seconds 
========================================================================
Received Import Request.
  Time since last request: 7.629097 seconds.
  path: Assets/_Prefabs/Bloque_Madera.prefab
  artifactKey: Guid(c2588b25ea305cf42a9cf9e3e59a242d) Importer(815301076,1909f56bfc062723c751e8b465ee728b)
Start importing Assets/_Prefabs/Bloque_Madera.prefab using Guid(c2588b25ea305cf42a9cf9e3e59a242d) Importer(815301076,1909f56bfc062723c751e8b465ee728b)  -> (artifact id: '7d1161ff8ae26038b1b472eac61aed78') in 0.018535 seconds 
========================================================================
Received Import Request.
  Time since last request: 23.630218 seconds.
  path: Assets/_Scripts/Bloque_Madera.cs
  artifactKey: Guid(530a8c977d9d60b4ba248927ff8aaa9f) Importer(815301076,1909f56bfc062723c751e8b465ee728b)
Start importing Assets/_Scripts/Bloque_Madera.cs using Guid(530a8c977d9d60b4ba248927ff8aaa9f) Importer(815301076,1909f56bfc062723c751e8b465ee728b)  -> (artifact id: '77de7634729797ecf9d1fff3b56e4b93') in 0.004861 seconds 
========================================================================
Received Import Request.
  Time since last request: 9.193013 seconds.
  path: Assets/_Scripts/Bloque_Goma.cs
  artifactKey: Guid(cac630c9ce74f2142b40b1b666a2da53) Importer(815301076,1909f56bfc062723c751e8b465ee728b)
Start importing Assets/_Scripts/Bloque_Goma.cs using Guid(cac630c9ce74f2142b40b1b666a2da53) Importer(815301076,1909f56bfc062723c751e8b465ee728b)  -> (artifact id: 'e84accb095753d2af7b98cbda094bf6c') in 0.008271 seconds 
========================================================================
Received Prepare
Registering precompiled user dll's ...
Registered in 0.004695 seconds.
Begin MonoManager ReloadAssembly
Native extension for WindowsStandalone target not found
Refreshing native plugins compatible for Editor in 0.47 ms, found 2 plugins.
Preloading 0 native plugins for Editor in 0.00 ms.
Mono: successfully reloaded assembly
- Completed reload, in  1.732 seconds
Domain Reload Profiling:
	ReloadAssembly (1733ms)
		BeginReloadAssembly (202ms)
			ExecutionOrderSort (0ms)
			DisableScriptedObjects (10ms)
			BackupInstance (0ms)
			ReleaseScriptingObjects (0ms)
			CreateAndSetChildDomain (54ms)
		EndReloadAssembly (1367ms)
			LoadAssemblies (173ms)
			RebuildTransferFunctionScriptingTraits (0ms)
			SetupTypeCache (542ms)
			ReleaseScriptCaches (1ms)
			RebuildScriptCaches (75ms)
			SetupLoadedEditorAssemblies (435ms)
				LogAssemblyErrors (0ms)
				InitializePlatformSupportModulesInManaged (7ms)
				SetLoadedEditorAssemblies (1ms)
				RefreshPlugins (1ms)
				BeforeProcessingInitializeOnLoad (126ms)
				ProcessInitializeOnLoadAttributes (278ms)
				ProcessInitializeOnLoadMethodAttributes (14ms)
				AfterProcessingInitializeOnLoad (8ms)
				EditorAssembliesLoaded (0ms)
			ExecutionOrderSort2 (0ms)
			AwakeInstancesAfterBackupRestoration (9ms)
Platform modules already initialized, skipping
Refreshing native plugins compatible for Editor in 0.56 ms, found 2 plugins.
Preloading 0 native plugins for Editor in 0.00 ms.
Unloading 1502 Unused Serialized files (Serialized files now loaded: 0)
System memory in use before: 70.9 MB.
System memory in use after: 71.0 MB.

Unloading 11 unused Assets to reduce memory usage. Loaded Objects now: 1965.
Total: 13.153200 ms (FindLiveObjects: 0.402300 ms CreateObjectMapping: 0.167500 ms MarkObjects: 12.495100 ms  DeleteObjects: 0.085100 ms)

AssetImportParameters requested are different than current active one (requested -> active):
  custom:framework-win-MediaFoundation: 216162199b28c13a410421893ffa2e32 -> 
  custom:video-decoder-ogg-theora: a1e56fd34408186e4bbccfd4996cb3dc -> 
  custom:container-muxer-webm: aa71ff27fc2769a1b78a27578f13a17b -> 
  custom:container-demuxer-webm: 4f35f7cbe854078d1ac9338744f61a02 -> 
  custom:container-demuxer-ogg: 62fdf1f143b41e24485cea50d1cbac27 -> 
  custom:video-encoder-webm-vp8: eb34c28f22e8b96e1ab97ce403110664 -> 
  custom:video-decoder-webm-vp8: 9c59270c3fd7afecdb556c50c9e8de78 -> 
  custom:audio-decoder-ogg-vorbis: bf7c407c2cedff20999df2af8eb42d56 -> 
  custom:audio-encoder-webm-vorbis: bf7c407c2cedff20999df2af8eb42d56 -> 
========================================================================
Received Import Request.
  Time since last request: 6.589173 seconds.
  path: Assets/_Prefabs/Bloque_Goma.prefab
  artifactKey: Guid(8a247d68b0c648d4f827bebae38f3b87) Importer(815301076,1909f56bfc062723c751e8b465ee728b)
Start importing Assets/_Prefabs/Bloque_Goma.prefab using Guid(8a247d68b0c648d4f827bebae38f3b87) Importer(815301076,1909f56bfc062723c751e8b465ee728b)  -> (artifact id: '2fc8113d78b7eb423abb2a5eabc1c8fd') in 0.113807 seconds 
========================================================================
Received Import Request.
  Time since last request: 7.569602 seconds.
  path: Assets/_Prefabs/Bloque_Goma.prefab
  artifactKey: Guid(8a247d68b0c648d4f827bebae38f3b87) Importer(815301076,1909f56bfc062723c751e8b465ee728b)
Start importing Assets/_Prefabs/Bloque_Goma.prefab using Guid(8a247d68b0c648d4f827bebae38f3b87) Importer(815301076,1909f56bfc062723c751e8b465ee728b)  -> (artifact id: '8a4fcdda92a62b10220b0df50bea7e12') in 0.021629 seconds 
========================================================================
Received Import Request.
  Time since last request: 65.754079 seconds.
  path: Assets/_Prefabs/Bloque.prefab
  artifactKey: Guid(e1d1d152ac37b29489d142dce0c4a831) Importer(815301076,1909f56bfc062723c751e8b465ee728b)
Start importing Assets/_Prefabs/Bloque.prefab using Guid(e1d1d152ac37b29489d142dce0c4a831) Importer(815301076,1909f56bfc062723c751e8b465ee728b)  -> (artifact id: 'e0cdca7d9c29d18371918cf6ef0bd4cc') in 0.038852 seconds 
========================================================================
Received Import Request.
  Time since last request: 1.753309 seconds.
  path: Assets/_Prefabs/Bloque 1.prefab
  artifactKey: Guid(6564ea18986b09347b9b974ec80986b9) Importer(815301076,1909f56bfc062723c751e8b465ee728b)
Start importing Assets/_Prefabs/Bloque 1.prefab using Guid(6564ea18986b09347b9b974ec80986b9) Importer(815301076,1909f56bfc062723c751e8b465ee728b)  -> (artifact id: 'c033b7f29abbe9f65bde30f60d363f90') in 0.026056 seconds 
========================================================================
Received Import Request.
  Time since last request: 8.355417 seconds.
  path: Assets/_Prefabs/Bloque_Vidrio.prefab
  artifactKey: Guid(6564ea18986b09347b9b974ec80986b9) Importer(815301076,1909f56bfc062723c751e8b465ee728b)
Start importing Assets/_Prefabs/Bloque_Vidrio.prefab using Guid(6564ea18986b09347b9b974ec80986b9) Importer(815301076,1909f56bfc062723c751e8b465ee728b)  -> (artifact id: '5c3434362d76032ed0a9b6e5c7800d89') in 0.016264 seconds 
========================================================================
Received Import Request.
  Time since last request: 77.136726 seconds.
  path: Assets/_Prefabs/Bloque_Vidrio.prefab
  artifactKey: Guid(6564ea18986b09347b9b974ec80986b9) Importer(815301076,1909f56bfc062723c751e8b465ee728b)
Start importing Assets/_Prefabs/Bloque_Vidrio.prefab using Guid(6564ea18986b09347b9b974ec80986b9) Importer(815301076,1909f56bfc062723c751e8b465ee728b)  -> (artifact id: 'e593e0e5456d31cdec3bfd0d150dcd0e') in 0.028150 seconds 
========================================================================
Received Import Request.
  Time since last request: 1.959268 seconds.
  path: Assets/_Scripts/Bloque.cs
  artifactKey: Guid(384cf174ba04c8749b575011964cac54) Importer(815301076,1909f56bfc062723c751e8b465ee728b)
Start importing Assets/_Scripts/Bloque.cs using Guid(384cf174ba04c8749b575011964cac54) Importer(815301076,1909f56bfc062723c751e8b465ee728b)  -> (artifact id: '5bfef108851eef0a355a59a349a9264e') in 0.002800 seconds 
========================================================================
Received Import Request.
  Time since last request: 9.719701 seconds.
  path: Assets/_Scripts/Bloque_Goma.cs
  artifactKey: Guid(cac630c9ce74f2142b40b1b666a2da53) Importer(815301076,1909f56bfc062723c751e8b465ee728b)
Start importing Assets/_Scripts/Bloque_Goma.cs using Guid(cac630c9ce74f2142b40b1b666a2da53) Importer(815301076,1909f56bfc062723c751e8b465ee728b)  -> (artifact id: '8dd96464ea52a1ad120caf0e2479bf1f') in 0.003834 seconds 
========================================================================
Received Prepare
Registering precompiled user dll's ...
Registered in 0.003615 seconds.
Begin MonoManager ReloadAssembly
Native extension for WindowsStandalone target not found
Refreshing native plugins compatible for Editor in 0.28 ms, found 2 plugins.
Preloading 0 native plugins for Editor in 0.00 ms.
Mono: successfully reloaded assembly
- Completed reload, in  1.441 seconds
Domain Reload Profiling:
	ReloadAssembly (1442ms)
		BeginReloadAssembly (187ms)
			ExecutionOrderSort (0ms)
			DisableScriptedObjects (10ms)
			BackupInstance (0ms)
			ReleaseScriptingObjects (0ms)
			CreateAndSetChildDomain (36ms)
		EndReloadAssembly (1193ms)
			LoadAssemblies (160ms)
			RebuildTransferFunctionScriptingTraits (0ms)
			SetupTypeCache (309ms)
			ReleaseScriptCaches (1ms)
			RebuildScriptCaches (70ms)
			SetupLoadedEditorAssemblies (541ms)
				LogAssemblyErrors (0ms)
				InitializePlatformSupportModulesInManaged (4ms)
				SetLoadedEditorAssemblies (0ms)
				RefreshPlugins (0ms)
				BeforeProcessingInitializeOnLoad (96ms)
				ProcessInitializeOnLoadAttributes (413ms)
				ProcessInitializeOnLoadMethodAttributes (16ms)
				AfterProcessingInitializeOnLoad (10ms)
				EditorAssembliesLoaded (0ms)
			ExecutionOrderSort2 (0ms)
			AwakeInstancesAfterBackupRestoration (12ms)
Platform modules already initialized, skipping
Refreshing native plugins compatible for Editor in 0.41 ms, found 2 plugins.
Preloading 0 native plugins for Editor in 0.00 ms.
Unloading 1502 Unused Serialized files (Serialized files now loaded: 0)
System memory in use before: 70.9 MB.
System memory in use after: 71.0 MB.

Unloading 12 unused Assets to reduce memory usage. Loaded Objects now: 1968.
Total: 8.135000 ms (FindLiveObjects: 0.288200 ms CreateObjectMapping: 0.108200 ms MarkObjects: 7.563700 ms  DeleteObjects: 0.172500 ms)

AssetImportParameters requested are different than current active one (requested -> active):
  custom:framework-win-MediaFoundation: 216162199b28c13a410421893ffa2e32 -> 
  custom:video-decoder-ogg-theora: a1e56fd34408186e4bbccfd4996cb3dc -> 
  custom:container-muxer-webm: aa71ff27fc2769a1b78a27578f13a17b -> 
  custom:container-demuxer-webm: 4f35f7cbe854078d1ac9338744f61a02 -> 
  custom:container-demuxer-ogg: 62fdf1f143b41e24485cea50d1cbac27 -> 
  custom:video-encoder-webm-vp8: eb34c28f22e8b96e1ab97ce403110664 -> 
  custom:video-decoder-webm-vp8: 9c59270c3fd7afecdb556c50c9e8de78 -> 
  custom:audio-decoder-ogg-vorbis: bf7c407c2cedff20999df2af8eb42d56 -> 
  custom:audio-encoder-webm-vorbis: bf7c407c2cedff20999df2af8eb42d56 -> 
========================================================================
Received Import Request.
  Time since last request: 19.808113 seconds.
  path: Assets/_Scripts/Bloque_Vidrio.cs
  artifactKey: Guid(7fa346dc89b92c84aa932cd14d00ca24) Importer(815301076,1909f56bfc062723c751e8b465ee728b)
Start importing Assets/_Scripts/Bloque_Vidrio.cs using Guid(7fa346dc89b92c84aa932cd14d00ca24) Importer(815301076,1909f56bfc062723c751e8b465ee728b)  -> (artifact id: 'bcdbd39759553874edbcc91dbf64545b') in 0.013963 seconds 
========================================================================
Received Prepare
Registering precompiled user dll's ...
Registered in 0.003252 seconds.
Begin MonoManager ReloadAssembly
Native extension for WindowsStandalone target not found
Refreshing native plugins compatible for Editor in 0.44 ms, found 2 plugins.
Preloading 0 native plugins for Editor in 0.00 ms.
Mono: successfully reloaded assembly
- Completed reload, in  1.533 seconds
Domain Reload Profiling:
	ReloadAssembly (1533ms)
		BeginReloadAssembly (180ms)
			ExecutionOrderSort (0ms)
			DisableScriptedObjects (7ms)
			BackupInstance (0ms)
			ReleaseScriptingObjects (0ms)
			CreateAndSetChildDomain (51ms)
		EndReloadAssembly (1243ms)
			LoadAssemblies (149ms)
			RebuildTransferFunctionScriptingTraits (0ms)
			SetupTypeCache (496ms)
			ReleaseScriptCaches (1ms)
			RebuildScriptCaches (68ms)
			SetupLoadedEditorAssemblies (428ms)
				LogAssemblyErrors (0ms)
				InitializePlatformSupportModulesInManaged (7ms)
				SetLoadedEditorAssemblies (1ms)
				RefreshPlugins (1ms)
				BeforeProcessingInitializeOnLoad (118ms)
				ProcessInitializeOnLoadAttributes (280ms)
				ProcessInitializeOnLoadMethodAttributes (13ms)
				AfterProcessingInitializeOnLoad (9ms)
				EditorAssembliesLoaded (0ms)
			ExecutionOrderSort2 (0ms)
			AwakeInstancesAfterBackupRestoration (11ms)
Platform modules already initialized, skipping
Refreshing native plugins compatible for Editor in 0.70 ms, found 2 plugins.
Preloading 0 native plugins for Editor in 0.00 ms.
Unloading 1503 Unused Serialized files (Serialized files now loaded: 0)
System memory in use before: 70.9 MB.
System memory in use after: 71.0 MB.

Unloading 11 unused Assets to reduce memory usage. Loaded Objects now: 1971.
Total: 13.072800 ms (FindLiveObjects: 0.405300 ms CreateObjectMapping: 0.172300 ms MarkObjects: 12.362000 ms  DeleteObjects: 0.130100 ms)

AssetImportParameters requested are different than current active one (requested -> active):
  custom:framework-win-MediaFoundation: 216162199b28c13a410421893ffa2e32 -> 
  custom:video-decoder-ogg-theora: a1e56fd34408186e4bbccfd4996cb3dc -> 
  custom:container-muxer-webm: aa71ff27fc2769a1b78a27578f13a17b -> 
  custom:container-demuxer-webm: 4f35f7cbe854078d1ac9338744f61a02 -> 
  custom:container-demuxer-ogg: 62fdf1f143b41e24485cea50d1cbac27 -> 
  custom:video-encoder-webm-vp8: eb34c28f22e8b96e1ab97ce403110664 -> 
  custom:video-decoder-webm-vp8: 9c59270c3fd7afecdb556c50c9e8de78 -> 
  custom:audio-decoder-ogg-vorbis: bf7c407c2cedff20999df2af8eb42d56 -> 
  custom:audio-encoder-webm-vorbis: bf7c407c2cedff20999df2af8eb42d56 -> 
========================================================================
Received Import Request.
  Time since last request: 30.878348 seconds.
  path: Assets/_Scripts/Bloque_Vidrio.cs
  artifactKey: Guid(7fa346dc89b92c84aa932cd14d00ca24) Importer(815301076,1909f56bfc062723c751e8b465ee728b)
Start importing Assets/_Scripts/Bloque_Vidrio.cs using Guid(7fa346dc89b92c84aa932cd14d00ca24) Importer(815301076,1909f56bfc062723c751e8b465ee728b)  -> (artifact id: '75e895bb376c222df872477405a3c3ec') in 0.008034 seconds 
========================================================================
Received Prepare
Registering precompiled user dll's ...
Registered in 0.004622 seconds.
Begin MonoManager ReloadAssembly
Native extension for WindowsStandalone target not found
Refreshing native plugins compatible for Editor in 0.45 ms, found 2 plugins.
Preloading 0 native plugins for Editor in 0.00 ms.
Mono: successfully reloaded assembly
- Completed reload, in  1.559 seconds
Domain Reload Profiling:
	ReloadAssembly (1560ms)
		BeginReloadAssembly (184ms)
			ExecutionOrderSort (0ms)
			DisableScriptedObjects (14ms)
			BackupInstance (0ms)
			ReleaseScriptingObjects (0ms)
			CreateAndSetChildDomain (56ms)
		EndReloadAssembly (1268ms)
			LoadAssemblies (145ms)
			RebuildTransferFunctionScriptingTraits (0ms)
			SetupTypeCache (459ms)
			ReleaseScriptCaches (1ms)
			RebuildScriptCaches (57ms)
			SetupLoadedEditorAssemblies (461ms)
				LogAssemblyErrors (0ms)
				InitializePlatformSupportModulesInManaged (4ms)
				SetLoadedEditorAssemblies (1ms)
				RefreshPlugins (1ms)
				BeforeProcessingInitializeOnLoad (126ms)
				ProcessInitializeOnLoadAttributes (301ms)
				ProcessInitializeOnLoadMethodAttributes (17ms)
				AfterProcessingInitializeOnLoad (10ms)
				EditorAssembliesLoaded (0ms)
			ExecutionOrderSort2 (0ms)
			AwakeInstancesAfterBackupRestoration (10ms)
Platform modules already initialized, skipping
Refreshing native plugins compatible for Editor in 0.62 ms, found 2 plugins.
Preloading 0 native plugins for Editor in 0.00 ms.
Unloading 1503 Unused Serialized files (Serialized files now loaded: 0)
System memory in use before: 70.9 MB.
System memory in use after: 71.0 MB.

Unloading 11 unused Assets to reduce memory usage. Loaded Objects now: 1973.
Total: 2.605100 ms (FindLiveObjects: 0.122700 ms CreateObjectMapping: 0.040500 ms MarkObjects: 2.419700 ms  DeleteObjects: 0.021000 ms)

AssetImportParameters requested are different than current active one (requested -> active):
  custom:framework-win-MediaFoundation: 216162199b28c13a410421893ffa2e32 -> 
  custom:video-decoder-ogg-theora: a1e56fd34408186e4bbccfd4996cb3dc -> 
  custom:container-muxer-webm: aa71ff27fc2769a1b78a27578f13a17b -> 
  custom:container-demuxer-webm: 4f35f7cbe854078d1ac9338744f61a02 -> 
  custom:container-demuxer-ogg: 62fdf1f143b41e24485cea50d1cbac27 -> 
  custom:video-encoder-webm-vp8: eb34c28f22e8b96e1ab97ce403110664 -> 
  custom:video-decoder-webm-vp8: 9c59270c3fd7afecdb556c50c9e8de78 -> 
  custom:audio-decoder-ogg-vorbis: bf7c407c2cedff20999df2af8eb42d56 -> 
  custom:audio-encoder-webm-vorbis: bf7c407c2cedff20999df2af8eb42d56 -> 
========================================================================
Received Import Request.
  Time since last request: 19.424677 seconds.
  path: Assets/_Prefabs/Bloque_Vidrio.prefab
  artifactKey: Guid(6564ea18986b09347b9b974ec80986b9) Importer(815301076,1909f56bfc062723c751e8b465ee728b)
Start importing Assets/_Prefabs/Bloque_Vidrio.prefab using Guid(6564ea18986b09347b9b974ec80986b9) Importer(815301076,1909f56bfc062723c751e8b465ee728b)  -> (artifact id: '573865c09f0cafd7cfda99d1fa33b9f7') in 0.093888 seconds 
========================================================================
Received Import Request.
  Time since last request: 12.530216 seconds.
  path: Assets/_Prefabs/Bloque_Goma.prefab
  artifactKey: Guid(8a247d68b0c648d4f827bebae38f3b87) Importer(815301076,1909f56bfc062723c751e8b465ee728b)
Start importing Assets/_Prefabs/Bloque_Goma.prefab using Guid(8a247d68b0c648d4f827bebae38f3b87) Importer(815301076,1909f56bfc062723c751e8b465ee728b)  -> (artifact id: 'd26aa20fe8fd0746c9da6c2d496fc549') in 0.023004 seconds 
========================================================================
Received Import Request.
  Time since last request: 23.405854 seconds.
  path: Assets/_Prefabs/Bloque_Vidrio.prefab
  artifactKey: Guid(6564ea18986b09347b9b974ec80986b9) Importer(815301076,1909f56bfc062723c751e8b465ee728b)
Start importing Assets/_Prefabs/Bloque_Vidrio.prefab using Guid(6564ea18986b09347b9b974ec80986b9) Importer(815301076,1909f56bfc062723c751e8b465ee728b)  -> (artifact id: '91d76b876a008a39ff3dba08014b1776') in 0.022634 seconds 
========================================================================
Received Import Request.
  Time since last request: 404.635176 seconds.
  path: Assets/_Scripts/Bloque_Goma.cs
  artifactKey: Guid(cac630c9ce74f2142b40b1b666a2da53) Importer(815301076,1909f56bfc062723c751e8b465ee728b)
Start importing Assets/_Scripts/Bloque_Goma.cs using Guid(cac630c9ce74f2142b40b1b666a2da53) Importer(815301076,1909f56bfc062723c751e8b465ee728b)  -> (artifact id: '7fb674760dfd8f069f70f3136eaceecc') in 0.004218 seconds 
========================================================================
Received Prepare
Registering precompiled user dll's ...
Registered in 0.003805 seconds.
Begin MonoManager ReloadAssembly
Native extension for WindowsStandalone target not found
Refreshing native plugins compatible for Editor in 0.44 ms, found 2 plugins.
Preloading 0 native plugins for Editor in 0.00 ms.
Mono: successfully reloaded assembly
- Completed reload, in  1.555 seconds
Domain Reload Profiling:
	ReloadAssembly (1556ms)
		BeginReloadAssembly (186ms)
			ExecutionOrderSort (0ms)
			DisableScriptedObjects (7ms)
			BackupInstance (0ms)
			ReleaseScriptingObjects (0ms)
			CreateAndSetChildDomain (65ms)
		EndReloadAssembly (1253ms)
			LoadAssemblies (159ms)
			RebuildTransferFunctionScriptingTraits (0ms)
			SetupTypeCache (377ms)
			ReleaseScriptCaches (2ms)
			RebuildScriptCaches (80ms)
			SetupLoadedEditorAssemblies (482ms)
				LogAssemblyErrors (0ms)
				InitializePlatformSupportModulesInManaged (5ms)
				SetLoadedEditorAssemblies (0ms)
				RefreshPlugins (1ms)
				BeforeProcessingInitializeOnLoad (125ms)
				ProcessInitializeOnLoadAttributes (320ms)
				ProcessInitializeOnLoadMethodAttributes (22ms)
				AfterProcessingInitializeOnLoad (8ms)
				EditorAssembliesLoaded (0ms)
			ExecutionOrderSort2 (0ms)
			AwakeInstancesAfterBackupRestoration (8ms)
Platform modules already initialized, skipping
Refreshing native plugins compatible for Editor in 0.37 ms, found 2 plugins.
Preloading 0 native plugins for Editor in 0.00 ms.
Unloading 1503 Unused Serialized files (Serialized files now loaded: 0)
System memory in use before: 70.9 MB.
System memory in use after: 71.0 MB.

Unloading 11 unused Assets to reduce memory usage. Loaded Objects now: 1976.
Total: 5.235100 ms (FindLiveObjects: 0.404200 ms CreateObjectMapping: 0.116600 ms MarkObjects: 4.622800 ms  DeleteObjects: 0.088800 ms)

AssetImportParameters requested are different than current active one (requested -> active):
  custom:framework-win-MediaFoundation: 216162199b28c13a410421893ffa2e32 -> 
  custom:video-decoder-ogg-theora: a1e56fd34408186e4bbccfd4996cb3dc -> 
  custom:container-muxer-webm: aa71ff27fc2769a1b78a27578f13a17b -> 
  custom:container-demuxer-webm: 4f35f7cbe854078d1ac9338744f61a02 -> 
  custom:container-demuxer-ogg: 62fdf1f143b41e24485cea50d1cbac27 -> 
  custom:video-encoder-webm-vp8: eb34c28f22e8b96e1ab97ce403110664 -> 
  custom:video-decoder-webm-vp8: 9c59270c3fd7afecdb556c50c9e8de78 -> 
  custom:audio-decoder-ogg-vorbis: bf7c407c2cedff20999df2af8eb42d56 -> 
  custom:audio-encoder-webm-vorbis: bf7c407c2cedff20999df2af8eb42d56 -> 
========================================================================
Received Import Request.
  Time since last request: 6.474646 seconds.
  path: Assets/_Prefabs/Bloque_Goma.prefab
  artifactKey: Guid(8a247d68b0c648d4f827bebae38f3b87) Importer(815301076,1909f56bfc062723c751e8b465ee728b)
Start importing Assets/_Prefabs/Bloque_Goma.prefab using Guid(8a247d68b0c648d4f827bebae38f3b87) Importer(815301076,1909f56bfc062723c751e8b465ee728b)  -> (artifact id: 'f38ef5ed19d9c71b66708682b5f825c6') in 0.093606 seconds 
========================================================================
Received Import Request.
  Time since last request: 8.179889 seconds.
  path: Assets/_Prefabs/Bloque_Goma.prefab
  artifactKey: Guid(8a247d68b0c648d4f827bebae38f3b87) Importer(815301076,1909f56bfc062723c751e8b465ee728b)
Start importing Assets/_Prefabs/Bloque_Goma.prefab using Guid(8a247d68b0c648d4f827bebae38f3b87) Importer(815301076,1909f56bfc062723c751e8b465ee728b)  -> (artifact id: 'fd1b103221cc75bf238b3ec6014642b4') in 0.020814 seconds 
========================================================================
Received Import Request.
  Time since last request: 1.926414 seconds.
  path: Assets/_Prefabs/Bloque_Goma.prefab
  artifactKey: Guid(8a247d68b0c648d4f827bebae38f3b87) Importer(815301076,1909f56bfc062723c751e8b465ee728b)
Start importing Assets/_Prefabs/Bloque_Goma.prefab using Guid(8a247d68b0c648d4f827bebae38f3b87) Importer(815301076,1909f56bfc062723c751e8b465ee728b)  -> (artifact id: '9350d438b5c7e4a1663e4f3f4bbf3e7f') in 0.024150 seconds 
========================================================================
Received Import Request.
  Time since last request: 54.841110 seconds.
  path: Assets/_Prefabs/Bloque_Vidrio.prefab
  artifactKey: Guid(6564ea18986b09347b9b974ec80986b9) Importer(815301076,1909f56bfc062723c751e8b465ee728b)
Start importing Assets/_Prefabs/Bloque_Vidrio.prefab using Guid(6564ea18986b09347b9b974ec80986b9) Importer(815301076,1909f56bfc062723c751e8b465ee728b)  -> (artifact id: 'a524b5b42f7a2a79cacff031f356b486') in 0.029446 seconds 
AssetImportWorkerClient::OnTransportError - code=2 error=End of file
